
> magicmirror@2.21.0 start
> DISPLAY="${DISPLAY:=:0}" ./node_modules/.bin/electron js/electron.js

[10.12.2022 18:10.37.817] [LOG]   Starting MagicMirror: v2.21.0
[10.12.2022 18:10.37.828] [LOG]   Loading config ...
[10.12.2022 18:10.37.838] [LOG]   Loading module helpers ...
[10.12.2022 18:10.37.842] [LOG]   No helper found for module: alert.
[10.12.2022 18:10.37.869] [LOG]   Initializing new module helper ...
[10.12.2022 18:10.37.871] [LOG]   Module helper loaded: updatenotification
[10.12.2022 18:10.37.873] [LOG]   No helper found for module: clock.
[10.12.2022 18:10.38.294] [LOG]   Initializing new module helper ...
[10.12.2022 18:10.38.296] [LOG]   Module helper loaded: calendar
[10.12.2022 18:10.38.297] [LOG]   No helper found for module: compliments.
[10.12.2022 18:10.38.300] [LOG]   No helper found for module: weather.
[10.12.2022 18:10.38.349] [LOG]   Initializing new module helper ...
[10.12.2022 18:10.38.350] [LOG]   Module helper loaded: newsfeed
[10.12.2022 18:10.38.356] [LOG]   Initializing new module helper ...
[10.12.2022 18:10.38.358] [LOG]   Module helper loaded: MMM-SmartTouch
[10.12.2022 18:10.38.566] [LOG]   Initializing new module helper ...
[10.12.2022 18:10.38.567] [LOG]   Module helper loaded: MMM-Remote-Control
[10.12.2022 18:10.38.568] [LOG]   All module helpers loaded.
[10.12.2022 18:10.38.875] [LOG]   Starting server on port 8080 ... 
[10.12.2022 18:10.38.914] [LOG]   Server started ...
[10.12.2022 18:10.38.916] [LOG]   Connecting socket for: updatenotification
[10.12.2022 18:10.38.917] [LOG]   Starting module helper: updatenotification
[10.12.2022 18:10.38.918] [LOG]   Connecting socket for: calendar
[10.12.2022 18:10.38.919] [LOG]   Starting node helper for: calendar
[10.12.2022 18:10.38.920] [LOG]   Connecting socket for: newsfeed
[10.12.2022 18:10.38.921] [LOG]   Starting node helper for: newsfeed
[10.12.2022 18:10.38.922] [LOG]   Connecting socket for: MMM-SmartTouch
[10.12.2022 18:10.38.923] [LOG]   Connecting socket for: MMM-Remote-Control
[10.12.2022 18:10.38.925] [LOG]   Starting node helper for: MMM-Remote-Control
[10.12.2022 18:10.38.934] [LOG]   Sockets connected & modules started ...
[10.12.2022 18:10.39.755] [LOG]   Launching application.
MESA-LOADER: failed to retrieve device information
MESA-LOADER: failed to retrieve device information
MESA-LOADER: failed to retrieve device information
MESA-LOADER: failed to open kms_swrast (search paths /usr/lib/arm-linux-gnueabihf/dri:\$${ORIGIN}/dri:/usr/lib/dri)
failed to load driver: kms_swrast
MESA-LOADER: failed to open swrast (search paths /usr/lib/arm-linux-gnueabihf/dri:\$${ORIGIN}/dri:/usr/lib/dri)
failed to load swrast driver
[10.12.2022 18:10.44.591] [LOG]   Create new calendarfetcher for url: http://www.calendarlabs.com/ical-calendar/ics/76/US_Holidays.ics - Interval: 300000
[10.12.2022 18:10.44.614] [LOG]   Create new newsfetcher for url: https://rss.nytimes.com/services/xml/rss/nyt/HomePage.xml - Interval: 300000
[10.12.2022 18:10.44.650] [LOG]   Smart Touch module has started
[10.12.2022 18:10.44.654] [INFO]  Checking git for module: MMM-SmartTouch
[10.12.2022 18:10.44.718] [INFO]  Checking git for module: MMM-Remote-Control
[10.12.2022 18:10.44.763] [INFO]  Checking git for module: default
[10.12.2022 18:10.45.587] [INFO]  Calendar-Fetcher: Broadcasting 17 events.
[10.12.2022 18:10.45.836] [INFO]  Newsfeed-Fetcher: Broadcasting 28 items.
[10.12.2022 18:12.32.599] [LOG]   Shutting down server...
[10.12.2022 18:12.32.601] [LOG]   Stopping module helper: updatenotification
[10.12.2022 18:12.32.602] [LOG]   Stopping module helper: calendar
[10.12.2022 18:12.32.603] [LOG]   Stopping module helper: newsfeed
[10.12.2022 18:12.32.604] [LOG]   Stopping module helper: MMM-SmartTouch

> magicmirror@2.21.0 start
> DISPLAY="${DISPLAY:=:0}" ./node_modules/.bin/electron js/electron.js

[10.12.2022 18:13.21.880] [LOG]   Starting MagicMirror: v2.21.0
[10.12.2022 18:13.21.888] [LOG]   Loading config ...
[10.12.2022 18:13.21.896] [LOG]   Loading module helpers ...
[10.12.2022 18:13.21.899] [LOG]   No helper found for module: alert.
[10.12.2022 18:13.21.919] [LOG]   Initializing new module helper ...
[10.12.2022 18:13.21.921] [LOG]   Module helper loaded: updatenotification
[10.12.2022 18:13.21.922] [LOG]   No helper found for module: clock.
[10.12.2022 18:13.22.167] [LOG]   Initializing new module helper ...
[10.12.2022 18:13.22.169] [LOG]   Module helper loaded: calendar
[10.12.2022 18:13.22.171] [LOG]   No helper found for module: compliments.
[10.12.2022 18:13.22.173] [LOG]   No helper found for module: weather.
[10.12.2022 18:13.22.197] [LOG]   Initializing new module helper ...
[10.12.2022 18:13.22.198] [LOG]   Module helper loaded: newsfeed
[10.12.2022 18:13.22.201] [LOG]   Initializing new module helper ...
[10.12.2022 18:13.22.202] [LOG]   Module helper loaded: MMM-SmartTouch
[10.12.2022 18:13.22.334] [LOG]   Initializing new module helper ...
[10.12.2022 18:13.22.335] [LOG]   Module helper loaded: MMM-Remote-Control
[10.12.2022 18:13.22.336] [LOG]   All module helpers loaded.
[10.12.2022 18:13.22.444] [LOG]   Starting server on port 8080 ... 
[10.12.2022 18:13.22.462] [LOG]   Server started ...
[10.12.2022 18:13.22.463] [LOG]   Connecting socket for: updatenotification
[10.12.2022 18:13.22.464] [LOG]   Starting module helper: updatenotification
[10.12.2022 18:13.22.465] [LOG]   Connecting socket for: calendar
[10.12.2022 18:13.22.467] [LOG]   Starting node helper for: calendar
[10.12.2022 18:13.22.467] [LOG]   Connecting socket for: newsfeed
[10.12.2022 18:13.22.468] [LOG]   Starting node helper for: newsfeed
[10.12.2022 18:13.22.470] [LOG]   Connecting socket for: MMM-SmartTouch
[10.12.2022 18:13.22.471] [LOG]   Connecting socket for: MMM-Remote-Control
[10.12.2022 18:13.22.472] [LOG]   Starting node helper for: MMM-Remote-Control
[10.12.2022 18:13.22.478] [LOG]   Sockets connected & modules started ...
[10.12.2022 18:13.22.843] [LOG]   Launching application.
MESA-LOADER: failed to retrieve device information
MESA-LOADER: failed to retrieve device information
MESA-LOADER: failed to retrieve device information
MESA-LOADER: failed to open kms_swrast (search paths /usr/lib/arm-linux-gnueabihf/dri:\$${ORIGIN}/dri:/usr/lib/dri)
failed to load driver: kms_swrast
MESA-LOADER: failed to open swrast (search paths /usr/lib/arm-linux-gnueabihf/dri:\$${ORIGIN}/dri:/usr/lib/dri)
failed to load swrast driver
[10.12.2022 18:13.26.113] [LOG]   Create new calendarfetcher for url: http://www.calendarlabs.com/ical-calendar/ics/76/US_Holidays.ics - Interval: 300000
[10.12.2022 18:13.26.238] [LOG]   Create new newsfetcher for url: https://rss.nytimes.com/services/xml/rss/nyt/HomePage.xml - Interval: 300000
[10.12.2022 18:13.26.246] [LOG]   Smart Touch module has started
[10.12.2022 18:13.26.251] [INFO]  Checking git for module: MMM-SmartTouch
[10.12.2022 18:13.26.297] [INFO]  Checking git for module: MMM-Remote-Control
[10.12.2022 18:13.26.342] [INFO]  Checking git for module: default
[10.12.2022 18:13.26.624] [INFO]  Calendar-Fetcher: Broadcasting 17 events.
[10.12.2022 18:13.26.825] [INFO]  Newsfeed-Fetcher: Broadcasting 28 items.
[10.12.2022 18:13.44.727] [LOG]   Shutting down server...
[10.12.2022 18:13.44.729] [LOG]   Stopping module helper: updatenotification
[10.12.2022 18:13.44.730] [LOG]   Stopping module helper: calendar
[10.12.2022 18:13.44.732] [LOG]   Stopping module helper: newsfeed
[10.12.2022 18:13.44.733] [LOG]   Stopping module helper: MMM-SmartTouch
